{
  "stats": {
    "suites": 1,
    "tests": 6,
    "passes": 1,
    "pending": 0,
    "failures": 5,
    "start": "2019-11-21T11:00:29.356Z",
    "end": "2019-11-21T11:00:58.956Z",
    "duration": 29600,
    "testsRegistered": 6,
    "passPercent": 16.666666666666664,
    "pendingPercent": 0,
    "other": 0,
    "hasOther": false,
    "skipped": 0,
    "hasSkipped": false
  },
  "results": [
    {
      "uuid": "c5d1abe0-a76d-4ce8-a3c4-044596e22d07",
      "title": "",
      "fullFile": "",
      "file": "",
      "beforeHooks": [],
      "afterHooks": [],
      "tests": [],
      "suites": [
        {
          "uuid": "d57fe1da-c2fc-4302-a3eb-19df72b28f81",
          "title": "Testing styleset modifications",
          "fullFile": "",
          "file": "",
          "beforeHooks": [],
          "afterHooks": [],
          "tests": [
            {
              "title": "switches styleset when clicking styleset",
              "fullTitle": "Testing styleset modifications switches styleset when clicking styleset",
              "timedOut": null,
              "duration": 5288,
              "state": "passed",
              "speed": "slow",
              "pass": true,
              "fail": false,
              "pending": false,
              "context": null,
              "code": "//Todo\ncy.visit('/');\ncy.get('.__current-style-set').as('currentStyle');",
              "err": {},
              "uuid": "e60bd3f1-7460-4e29-a67e-9a91ee5c9b51",
              "parentUUID": "d57fe1da-c2fc-4302-a3eb-19df72b28f81",
              "isHook": false,
              "skipped": false
            },
            {
              "title": "changes all colors when the dominant is changed",
              "fullTitle": "Testing styleset modifications changes all colors when the dominant is changed",
              "timedOut": null,
              "duration": 4904,
              "state": "failed",
              "speed": null,
              "pass": false,
              "fail": true,
              "pending": false,
              "context": null,
              "code": "cy.get('#rf-css-panel-toggle').click();\ncy.get('.__current-style-set').click();\ncy.get('#_color ._slider-label:first').should('not.be.visible');\ncy.get('#_color ._container ._fold-color').each(function ($el) {\n  cy.wrap($el).click();\n});\ncy.get(':nth-child(3) > ._container > :nth-child(3) > ._color-range').invoke('val', 10).trigger('input');\ncy.get('#_color > :nth-child(3)').should('have.css', 'background-color', 'rgb(212, 160, 150)');\ncy.get('#_color > :nth-child(4)').should('have.css', 'background-color', 'rgb(110, 196, 180)');\ncy.get('#_color > :nth-child(5)').should('have.css', 'background-color', 'rgb(150, 210, 212)');",
              "err": {
                "message": "CypressError: Timed out retrying: cy.click() failed because this element is not visible:\n\n<div class=\"_item __current-style-set\">default</div>\n\nThis element '<div._item.__current-style-set>' is not visible because it has CSS property: 'position: fixed' and its being covered by another element:\n\n<svg class=\"css-panel-svg-highlight\">...</svg>\n\nFix this problem, or use {force: true} to disable error checking.\n\nhttps://on.cypress.io/element-cannot-be-interacted-with",
                "estack": "CypressError: Timed out retrying: cy.click() failed because this element is not visible:\n\n<div class=\"_item __current-style-set\">default</div>\n\nThis element '<div._item.__current-style-set>' is not visible because it has CSS property: 'position: fixed' and its being covered by another element:\n\n<svg class=\"css-panel-svg-highlight\">...</svg>\n\nFix this problem, or use {force: true} to disable error checking.\n\nhttps://on.cypress.io/element-cannot-be-interacted-with\n    at Object.cypressErr (http://localhost:8080/__cypress/runner/cypress_runner.js:85348:11)\n    at Object.throwErr (http://localhost:8080/__cypress/runner/cypress_runner.js:85303:18)\n    at Object.throwErrByPath (http://localhost:8080/__cypress/runner/cypress_runner.js:85335:17)\n    at Object.retry (http://localhost:8080/__cypress/runner/cypress_runner.js:77321:16)\n    at retryActionability (http://localhost:8080/__cypress/runner/cypress_runner.js:68070:19)\n    at tryCatcher (http://localhost:8080/__cypress/runner/cypress_runner.js:118962:23)\n    at Function.Promise.attempt.Promise.try (http://localhost:8080/__cypress/runner/cypress_runner.js:116237:29)\n    at tryFn (http://localhost:8080/__cypress/runner/cypress_runner.js:77770:21)\n    at whenStable (http://localhost:8080/__cypress/runner/cypress_runner.js:77805:12)\n    at http://localhost:8080/__cypress/runner/cypress_runner.js:77364:16\n    at tryCatcher (http://localhost:8080/__cypress/runner/cypress_runner.js:118962:23)\n    at Promise._settlePromiseFromHandler (http://localhost:8080/__cypress/runner/cypress_runner.js:116898:31)\n    at Promise._settlePromise (http://localhost:8080/__cypress/runner/cypress_runner.js:116955:18)\n    at Promise._settlePromise0 (http://localhost:8080/__cypress/runner/cypress_runner.js:117000:10)\n    at Promise._settlePromises (http://localhost:8080/__cypress/runner/cypress_runner.js:117079:18)\n    at Promise._fulfill (http://localhost:8080/__cypress/runner/cypress_runner.js:117024:18)",
                "diff": null
              },
              "uuid": "f6a39166-374f-4e32-8b89-60e6d43a2355",
              "parentUUID": "d57fe1da-c2fc-4302-a3eb-19df72b28f81",
              "isHook": false,
              "skipped": false
            },
            {
              "title": "generates proper color subcombinations",
              "fullTitle": "Testing styleset modifications generates proper color subcombinations",
              "timedOut": null,
              "duration": 4819,
              "state": "failed",
              "speed": null,
              "pass": false,
              "fail": true,
              "pending": false,
              "context": null,
              "code": "cy.get('#_color > :nth-child(3) > ._container .sub-combination:nth-of-type(9)').should('have.css', 'background-color', 'rgb(240, 210, 204)');\ncy.get('#_color > :nth-child(4) .sub-combination:nth-of-type(1)').should('have.css', 'background-color', 'rgb(39, 62, 58)');\ncy.get('#_color > :nth-child(5) .sub-combination:nth-of-type(3)').should('have.css', 'background-color', 'rgb(69, 127, 129)');",
              "err": {
                "message": "CypressError: Timed out retrying: expected '<div.sub-combination>' to have CSS property 'background-color' with the value 'rgb(240, 210, 204)', but the value was 'rgb(204, 216, 240)'",
                "estack": "CypressError: Timed out retrying: expected '<div.sub-combination>' to have CSS property 'background-color' with the value 'rgb(240, 210, 204)', but the value was 'rgb(204, 216, 240)'\n    at Object.cypressErr (http://localhost:8080/__cypress/runner/cypress_runner.js:85348:11)\n    at Object.throwErr (http://localhost:8080/__cypress/runner/cypress_runner.js:85303:18)\n    at Object.throwErrByPath (http://localhost:8080/__cypress/runner/cypress_runner.js:85335:17)\n    at retry (http://localhost:8080/__cypress/runner/cypress_runner.js:77321:16)\n    at onFailFn (http://localhost:8080/__cypress/runner/cypress_runner.js:68422:16)\n    at tryCatcher (http://localhost:8080/__cypress/runner/cypress_runner.js:118962:23)\n    at Promise._settlePromiseFromHandler (http://localhost:8080/__cypress/runner/cypress_runner.js:116898:31)\n    at Promise._settlePromise (http://localhost:8080/__cypress/runner/cypress_runner.js:116955:18)\n    at Promise._settlePromise0 (http://localhost:8080/__cypress/runner/cypress_runner.js:117000:10)\n    at Promise._settlePromises (http://localhost:8080/__cypress/runner/cypress_runner.js:117075:18)\n    at Async../node_modules/bluebird/js/release/async.js.Async._drainQueue (http://localhost:8080/__cypress/runner/cypress_runner.js:113687:16)\n    at Async../node_modules/bluebird/js/release/async.js.Async._drainQueues (http://localhost:8080/__cypress/runner/cypress_runner.js:113697:10)\n    at Async.drainQueues (http://localhost:8080/__cypress/runner/cypress_runner.js:113571:14)\n    at <anonymous>",
                "diff": null
              },
              "uuid": "e9950967-f8b2-4b2f-a2a4-60bf5d78aa63",
              "parentUUID": "d57fe1da-c2fc-4302-a3eb-19df72b28f81",
              "isHook": false,
              "skipped": false
            },
            {
              "title": "changes colors on the selector panel",
              "fullTitle": "Testing styleset modifications changes colors on the selector panel",
              "timedOut": null,
              "duration": 4988,
              "state": "failed",
              "speed": null,
              "pass": false,
              "fail": true,
              "pending": false,
              "context": null,
              "code": "cy.get('#_selector ._selector-box:first div div').should('have.css', 'background-color', 'rgb(161, 93, 79)');\ncy.get('#_selector li:nth-of-type(2) ._selector-box div div').should('have.css', 'background-color', 'rgb(192, 236, 228)');\ncy.get('#_selector li:nth-of-type(2) :nth-child(2) > div[contenteditable=\"true\"] > div').should('have.css', 'background-color', 'rgb(58, 98, 100)');",
              "err": {
                "message": "CypressError: Timed out retrying: expected '<div>' to have CSS property 'background-color' with the value 'rgb(161, 93, 79)', but the value was 'rgb(79, 106, 161)'",
                "estack": "CypressError: Timed out retrying: expected '<div>' to have CSS property 'background-color' with the value 'rgb(161, 93, 79)', but the value was 'rgb(79, 106, 161)'\n    at Object.cypressErr (http://localhost:8080/__cypress/runner/cypress_runner.js:85348:11)\n    at Object.throwErr (http://localhost:8080/__cypress/runner/cypress_runner.js:85303:18)\n    at Object.throwErrByPath (http://localhost:8080/__cypress/runner/cypress_runner.js:85335:17)\n    at retry (http://localhost:8080/__cypress/runner/cypress_runner.js:77321:16)\n    at onFailFn (http://localhost:8080/__cypress/runner/cypress_runner.js:68422:16)\n    at tryCatcher (http://localhost:8080/__cypress/runner/cypress_runner.js:118962:23)\n    at Promise._settlePromiseFromHandler (http://localhost:8080/__cypress/runner/cypress_runner.js:116898:31)\n    at Promise._settlePromise (http://localhost:8080/__cypress/runner/cypress_runner.js:116955:18)\n    at Promise._settlePromise0 (http://localhost:8080/__cypress/runner/cypress_runner.js:117000:10)\n    at Promise._settlePromises (http://localhost:8080/__cypress/runner/cypress_runner.js:117075:18)\n    at Async../node_modules/bluebird/js/release/async.js.Async._drainQueue (http://localhost:8080/__cypress/runner/cypress_runner.js:113687:16)\n    at Async../node_modules/bluebird/js/release/async.js.Async._drainQueues (http://localhost:8080/__cypress/runner/cypress_runner.js:113697:10)\n    at Async.drainQueues (http://localhost:8080/__cypress/runner/cypress_runner.js:113571:14)\n    at <anonymous>",
                "diff": null
              },
              "uuid": "599906ca-ba80-4e80-a491-35f74e1962a3",
              "parentUUID": "d57fe1da-c2fc-4302-a3eb-19df72b28f81",
              "isHook": false,
              "skipped": false
            },
            {
              "title": "changes the DOM when the dominant is changed",
              "fullTitle": "Testing styleset modifications changes the DOM when the dominant is changed",
              "timedOut": null,
              "duration": 4529,
              "state": "failed",
              "speed": null,
              "pass": false,
              "fail": true,
              "pending": false,
              "context": null,
              "code": "cy.get('#rf-content-container').should('have.css', 'background-color', 'rgb(192, 236, 228)');",
              "err": {
                "message": "CypressError: Timed out retrying: expected '<div#rf-content-container>' to have CSS property 'background-color' with the value 'rgb(192, 236, 228)', but the value was 'rgb(236, 206, 192)'",
                "estack": "CypressError: Timed out retrying: expected '<div#rf-content-container>' to have CSS property 'background-color' with the value 'rgb(192, 236, 228)', but the value was 'rgb(236, 206, 192)'\n    at Object.cypressErr (http://localhost:8080/__cypress/runner/cypress_runner.js:85348:11)\n    at Object.throwErr (http://localhost:8080/__cypress/runner/cypress_runner.js:85303:18)\n    at Object.throwErrByPath (http://localhost:8080/__cypress/runner/cypress_runner.js:85335:17)\n    at retry (http://localhost:8080/__cypress/runner/cypress_runner.js:77321:16)\n    at onFailFn (http://localhost:8080/__cypress/runner/cypress_runner.js:68422:16)\n    at tryCatcher (http://localhost:8080/__cypress/runner/cypress_runner.js:118962:23)\n    at Promise._settlePromiseFromHandler (http://localhost:8080/__cypress/runner/cypress_runner.js:116898:31)\n    at Promise._settlePromise (http://localhost:8080/__cypress/runner/cypress_runner.js:116955:18)\n    at Promise._settlePromise0 (http://localhost:8080/__cypress/runner/cypress_runner.js:117000:10)\n    at Promise._settlePromises (http://localhost:8080/__cypress/runner/cypress_runner.js:117075:18)\n    at Async../node_modules/bluebird/js/release/async.js.Async._drainQueue (http://localhost:8080/__cypress/runner/cypress_runner.js:113687:16)\n    at Async../node_modules/bluebird/js/release/async.js.Async._drainQueues (http://localhost:8080/__cypress/runner/cypress_runner.js:113697:10)\n    at Async.drainQueues (http://localhost:8080/__cypress/runner/cypress_runner.js:113571:14)\n    at <anonymous>",
                "diff": null
              },
              "uuid": "de4f459a-aa74-4af4-a204-e3f87f9248d6",
              "parentUUID": "d57fe1da-c2fc-4302-a3eb-19df72b28f81",
              "isHook": false,
              "skipped": false
            },
            {
              "title": "updates the input of the form with the new values",
              "fullTitle": "Testing styleset modifications updates the input of the form with the new values",
              "timedOut": null,
              "duration": 4799,
              "state": "failed",
              "speed": null,
              "pass": false,
              "fail": true,
              "pending": false,
              "context": null,
              "code": "cy.get('[name=dominant]').should('have.value', '#D4A096');\ncy.get('[name=colorSetParamString]').should('have.value', '[{\"hueVariation\":-201,\"light\":60},{\"hueVariation\":-188}]');",
              "err": {
                "message": "CypressError: Timed out retrying: expected '<input>' to have value '#D4A096', but the value was '#96ABD4'",
                "estack": "CypressError: Timed out retrying: expected '<input>' to have value '#D4A096', but the value was '#96ABD4'\n    at Object.cypressErr (http://localhost:8080/__cypress/runner/cypress_runner.js:85348:11)\n    at Object.throwErr (http://localhost:8080/__cypress/runner/cypress_runner.js:85303:18)\n    at Object.throwErrByPath (http://localhost:8080/__cypress/runner/cypress_runner.js:85335:17)\n    at retry (http://localhost:8080/__cypress/runner/cypress_runner.js:77321:16)\n    at onFailFn (http://localhost:8080/__cypress/runner/cypress_runner.js:68422:16)\n    at tryCatcher (http://localhost:8080/__cypress/runner/cypress_runner.js:118962:23)\n    at Promise._settlePromiseFromHandler (http://localhost:8080/__cypress/runner/cypress_runner.js:116898:31)\n    at Promise._settlePromise (http://localhost:8080/__cypress/runner/cypress_runner.js:116955:18)\n    at Promise._settlePromise0 (http://localhost:8080/__cypress/runner/cypress_runner.js:117000:10)\n    at Promise._settlePromises (http://localhost:8080/__cypress/runner/cypress_runner.js:117075:18)\n    at Async../node_modules/bluebird/js/release/async.js.Async._drainQueue (http://localhost:8080/__cypress/runner/cypress_runner.js:113687:16)\n    at Async../node_modules/bluebird/js/release/async.js.Async._drainQueues (http://localhost:8080/__cypress/runner/cypress_runner.js:113697:10)\n    at Async.drainQueues (http://localhost:8080/__cypress/runner/cypress_runner.js:113571:14)\n    at <anonymous>",
                "diff": null
              },
              "uuid": "e2ac2f30-7e49-4afb-b7b2-35132420fada",
              "parentUUID": "d57fe1da-c2fc-4302-a3eb-19df72b28f81",
              "isHook": false,
              "skipped": false
            }
          ],
          "suites": [],
          "passes": [
            "e60bd3f1-7460-4e29-a67e-9a91ee5c9b51"
          ],
          "failures": [
            "f6a39166-374f-4e32-8b89-60e6d43a2355",
            "e9950967-f8b2-4b2f-a2a4-60bf5d78aa63",
            "599906ca-ba80-4e80-a491-35f74e1962a3",
            "de4f459a-aa74-4af4-a204-e3f87f9248d6",
            "e2ac2f30-7e49-4afb-b7b2-35132420fada"
          ],
          "pending": [],
          "skipped": [],
          "duration": 29327,
          "root": false,
          "rootEmpty": false,
          "_timeout": 2000
        }
      ],
      "passes": [],
      "failures": [],
      "pending": [],
      "skipped": [],
      "duration": 0,
      "root": true,
      "rootEmpty": true,
      "_timeout": 2000
    }
  ],
  "meta": {
    "mocha": {
      "version": "5.2.0"
    },
    "mochawesome": {
      "options": {
        "quiet": false,
        "reportFilename": "mochawesome",
        "saveHtml": false,
        "saveJson": true,
        "consoleReporter": "spec",
        "useInlineDiffs": false
      },
      "version": "4.1.0"
    },
    "marge": {
      "options": {
        "reportDir": "App",
        "overwrite": true,
        "html": false,
        "json": true
      },
      "version": "4.0.1"
    }
  }
}