{
  "stats": {
    "suites": 1,
    "tests": 6,
    "passes": 4,
    "pending": 0,
    "failures": 2,
    "start": "2019-11-14T13:45:17.669Z",
    "end": "2019-11-14T13:45:32.833Z",
    "duration": 15164,
    "testsRegistered": 6,
    "passPercent": 66.66666666666666,
    "pendingPercent": 0,
    "other": 0,
    "hasOther": false,
    "skipped": 0,
    "hasSkipped": false
  },
  "results": [
    {
      "uuid": "7747bcf7-5acd-4718-9d8d-334ca86c8fd2",
      "title": "",
      "fullFile": "",
      "file": "",
      "beforeHooks": [],
      "afterHooks": [],
      "tests": [],
      "suites": [
        {
          "uuid": "e004cc69-7919-438b-adcb-1f660e11a7af",
          "title": "Testing styleset modifications",
          "fullFile": "",
          "file": "",
          "beforeHooks": [],
          "afterHooks": [],
          "tests": [
            {
              "title": "switches styleset when clicking styleset",
              "fullTitle": "Testing styleset modifications switches styleset when clicking styleset",
              "timedOut": null,
              "duration": 3275,
              "state": "passed",
              "speed": "slow",
              "pass": true,
              "fail": false,
              "pending": false,
              "context": null,
              "code": "//Todo\ncy.visit('/');\ncy.get('.__current-style-set').as('currentStyle');",
              "err": {},
              "uuid": "910432a8-b983-4dec-8f82-3f6384a2e522",
              "parentUUID": "e004cc69-7919-438b-adcb-1f660e11a7af",
              "isHook": false,
              "skipped": false
            },
            {
              "title": "changes all colors when the dominant is changed",
              "fullTitle": "Testing styleset modifications changes all colors when the dominant is changed",
              "timedOut": null,
              "duration": 6280,
              "state": "failed",
              "speed": null,
              "pass": false,
              "fail": true,
              "pending": false,
              "context": null,
              "code": "cy.get('#rf-css-panel-toggle').click();\ncy.get('.__current-style-set').click();\ncy.get('#_color ._slider-label:first').should('not.be.visible');\ncy.get('#_color ._container ._fold-color').each(function ($el) {\n  cy.wrap($el).click();\n});\ncy.get(':nth-child(3) > ._container > :nth-child(3) > ._color-range').invoke('val', 10).trigger('input');\ncy.get('#_color > :nth-child(3)').should('have.css', 'background-color', 'rgb(212, 160, 150)');\ncy.get('#_color > :nth-child(4)').should('have.css', 'background-color', 'rgb(110, 196, 180)');\ncy.get('#_color > :nth-child(5)').should('have.css', 'background-color', 'rgb(150, 210, 212)');",
              "err": {
                "message": "CypressError: Timed out retrying: expected '<div>' to have CSS property 'background-color' with the value 'rgb(110, 196, 180)', but the value was 'rgba(0, 0, 0, 0)'",
                "estack": "CypressError: Timed out retrying: expected '<div>' to have CSS property 'background-color' with the value 'rgb(110, 196, 180)', but the value was 'rgba(0, 0, 0, 0)'\n    at Object.cypressErr (http://localhost:8080/__cypress/runner/cypress_runner.js:85348:11)\n    at Object.throwErr (http://localhost:8080/__cypress/runner/cypress_runner.js:85303:18)\n    at Object.throwErrByPath (http://localhost:8080/__cypress/runner/cypress_runner.js:85335:17)\n    at retry (http://localhost:8080/__cypress/runner/cypress_runner.js:77321:16)\n    at onFailFn (http://localhost:8080/__cypress/runner/cypress_runner.js:68422:16)\n    at tryCatcher (http://localhost:8080/__cypress/runner/cypress_runner.js:118962:23)\n    at Promise._settlePromiseFromHandler (http://localhost:8080/__cypress/runner/cypress_runner.js:116898:31)\n    at Promise._settlePromise (http://localhost:8080/__cypress/runner/cypress_runner.js:116955:18)\n    at Promise._settlePromise0 (http://localhost:8080/__cypress/runner/cypress_runner.js:117000:10)\n    at Promise._settlePromises (http://localhost:8080/__cypress/runner/cypress_runner.js:117075:18)\n    at Async../node_modules/bluebird/js/release/async.js.Async._drainQueue (http://localhost:8080/__cypress/runner/cypress_runner.js:113687:16)\n    at Async../node_modules/bluebird/js/release/async.js.Async._drainQueues (http://localhost:8080/__cypress/runner/cypress_runner.js:113697:10)\n    at Async.drainQueues (http://localhost:8080/__cypress/runner/cypress_runner.js:113571:14)\n    at <anonymous>",
                "diff": null
              },
              "uuid": "3efd2053-7567-4b87-b682-8bd146716a1c",
              "parentUUID": "e004cc69-7919-438b-adcb-1f660e11a7af",
              "isHook": false,
              "skipped": false
            },
            {
              "title": "generates proper color subcombinations",
              "fullTitle": "Testing styleset modifications generates proper color subcombinations",
              "timedOut": null,
              "duration": 5046,
              "state": "failed",
              "speed": null,
              "pass": false,
              "fail": true,
              "pending": false,
              "context": null,
              "code": "cy.get('#_color > :nth-child(3) > ._container .sub-combination:nth-of-type(9)').should('have.css', 'background-color', 'rgb(240, 210, 204)');\ncy.get('#_color > :nth-child(4) .sub-combination:nth-of-type(1)').should('have.css', 'background-color', 'rgb(39, 62, 58)');\ncy.get('#_color > :nth-child(5) .sub-combination:nth-of-type(3)').should('have.css', 'background-color', 'rgb(69, 127, 129)');",
              "err": {
                "message": "CypressError: Timed out retrying: expected '<div.sub-combination>' to have CSS property 'background-color' with the value 'rgb(39, 62, 58)', but the value was 'rgb(58, 58, 58)'",
                "estack": "CypressError: Timed out retrying: expected '<div.sub-combination>' to have CSS property 'background-color' with the value 'rgb(39, 62, 58)', but the value was 'rgb(58, 58, 58)'\n    at Object.cypressErr (http://localhost:8080/__cypress/runner/cypress_runner.js:85348:11)\n    at Object.throwErr (http://localhost:8080/__cypress/runner/cypress_runner.js:85303:18)\n    at Object.throwErrByPath (http://localhost:8080/__cypress/runner/cypress_runner.js:85335:17)\n    at retry (http://localhost:8080/__cypress/runner/cypress_runner.js:77321:16)\n    at onFailFn (http://localhost:8080/__cypress/runner/cypress_runner.js:68422:16)\n    at tryCatcher (http://localhost:8080/__cypress/runner/cypress_runner.js:118962:23)\n    at Promise._settlePromiseFromHandler (http://localhost:8080/__cypress/runner/cypress_runner.js:116898:31)\n    at Promise._settlePromise (http://localhost:8080/__cypress/runner/cypress_runner.js:116955:18)\n    at Promise._settlePromise0 (http://localhost:8080/__cypress/runner/cypress_runner.js:117000:10)\n    at Promise._settlePromises (http://localhost:8080/__cypress/runner/cypress_runner.js:117075:18)\n    at Async../node_modules/bluebird/js/release/async.js.Async._drainQueue (http://localhost:8080/__cypress/runner/cypress_runner.js:113687:16)\n    at Async../node_modules/bluebird/js/release/async.js.Async._drainQueues (http://localhost:8080/__cypress/runner/cypress_runner.js:113697:10)\n    at Async.drainQueues (http://localhost:8080/__cypress/runner/cypress_runner.js:113571:14)\n    at <anonymous>",
                "diff": null
              },
              "uuid": "356cb481-78f4-4773-80b9-ea1d1db636d9",
              "parentUUID": "e004cc69-7919-438b-adcb-1f660e11a7af",
              "isHook": false,
              "skipped": false
            },
            {
              "title": "changes colors on the selector panel",
              "fullTitle": "Testing styleset modifications changes colors on the selector panel",
              "timedOut": null,
              "duration": 213,
              "state": "passed",
              "speed": "slow",
              "pass": true,
              "fail": false,
              "pending": false,
              "context": null,
              "code": "cy.get('#_selector ._selector-box:first div div').should('have.css', 'background-color', 'rgb(161, 93, 79)');\ncy.get('#_selector li:nth-of-type(2) ._selector-box div div').should('have.css', 'background-color', 'rgb(192, 236, 228)');\ncy.get('#_selector li:nth-of-type(2) :nth-child(2) > div[contenteditable=\"true\"] > div').should('have.css', 'background-color', 'rgb(58, 98, 100)');",
              "err": {},
              "uuid": "8a2486f6-ea9c-421c-b747-aaf56a2dec77",
              "parentUUID": "e004cc69-7919-438b-adcb-1f660e11a7af",
              "isHook": false,
              "skipped": false
            },
            {
              "title": "changes the DOM when the dominant is changed",
              "fullTitle": "Testing styleset modifications changes the DOM when the dominant is changed",
              "timedOut": null,
              "duration": 18,
              "state": "passed",
              "speed": "fast",
              "pass": true,
              "fail": false,
              "pending": false,
              "context": null,
              "code": "cy.get('#rf-content-container').should('have.css', 'background-color', 'rgb(192, 236, 228)');",
              "err": {},
              "uuid": "8bf5e20b-a3d5-4429-a1c3-247cb3b82495",
              "parentUUID": "e004cc69-7919-438b-adcb-1f660e11a7af",
              "isHook": false,
              "skipped": false
            },
            {
              "title": "updates the input of the form with the new values",
              "fullTitle": "Testing styleset modifications updates the input of the form with the new values",
              "timedOut": null,
              "duration": 40,
              "state": "passed",
              "speed": "medium",
              "pass": true,
              "fail": false,
              "pending": false,
              "context": null,
              "code": "cy.get('[name=dominant]').should('have.value', '#D4A096');\ncy.get('[name=colorSetParamString]').should('have.value', '[{\"hueVariation\":-201,\"light\":60},{\"hueVariation\":-188}]');",
              "err": {},
              "uuid": "6d7109a8-2a18-4279-9ede-387832d87ca4",
              "parentUUID": "e004cc69-7919-438b-adcb-1f660e11a7af",
              "isHook": false,
              "skipped": false
            }
          ],
          "suites": [],
          "passes": [
            "910432a8-b983-4dec-8f82-3f6384a2e522",
            "8a2486f6-ea9c-421c-b747-aaf56a2dec77",
            "8bf5e20b-a3d5-4429-a1c3-247cb3b82495",
            "6d7109a8-2a18-4279-9ede-387832d87ca4"
          ],
          "failures": [
            "3efd2053-7567-4b87-b682-8bd146716a1c",
            "356cb481-78f4-4773-80b9-ea1d1db636d9"
          ],
          "pending": [],
          "skipped": [],
          "duration": 14872,
          "root": false,
          "rootEmpty": false,
          "_timeout": 2000
        }
      ],
      "passes": [],
      "failures": [],
      "pending": [],
      "skipped": [],
      "duration": 0,
      "root": true,
      "rootEmpty": true,
      "_timeout": 2000
    }
  ],
  "meta": {
    "mocha": {
      "version": "5.2.0"
    },
    "mochawesome": {
      "options": {
        "quiet": false,
        "reportFilename": "mochawesome",
        "saveHtml": false,
        "saveJson": true,
        "consoleReporter": "spec",
        "useInlineDiffs": false
      },
      "version": "4.1.0"
    },
    "marge": {
      "options": {
        "reportDir": "App",
        "overwrite": true,
        "html": false,
        "json": true
      },
      "version": "4.0.1"
    }
  }
}