{"C:\\projects\\rougeFramework\\App\\Ui\\colorHelper.js": {"path":"C:\\projects\\rougeFramework\\App\\Ui\\colorHelper.js","statementMap":{"0":{"start":{"line":1,"column":17},"end":{"line":218,"column":1}},"1":{"start":{"line":2,"column":16},"end":{"line":4,"column":2}},"2":{"start":{"line":3,"column":2},"end":{"line":3,"column":27}},"3":{"start":{"line":6,"column":13},"end":{"line":12,"column":2}},"4":{"start":{"line":7,"column":12},"end":{"line":7,"column":31}},"5":{"start":{"line":8,"column":2},"end":{"line":10,"column":3}},"6":{"start":{"line":9,"column":3},"end":{"line":9,"column":19}},"7":{"start":{"line":11,"column":2},"end":{"line":11,"column":27}},"8":{"start":{"line":13,"column":1},"end":{"line":40,"column":3}},"9":{"start":{"line":14,"column":2},"end":{"line":14,"column":21}},"10":{"start":{"line":16,"column":2},"end":{"line":18,"column":3}},"11":{"start":{"line":17,"column":3},"end":{"line":17,"column":21}},"12":{"start":{"line":19,"column":12},"end":{"line":19,"column":39}},"13":{"start":{"line":20,"column":2},"end":{"line":28,"column":3}},"14":{"start":{"line":22,"column":3},"end":{"line":27,"column":14}},"15":{"start":{"line":25,"column":5},"end":{"line":25,"column":33}},"16":{"start":{"line":30,"column":12},"end":{"line":30,"column":41}},"17":{"start":{"line":31,"column":14},"end":{"line":31,"column":43}},"18":{"start":{"line":32,"column":13},"end":{"line":32,"column":42}},"19":{"start":{"line":33,"column":2},"end":{"line":38,"column":4}},"20":{"start":{"line":39,"column":2},"end":{"line":39,"column":14}},"21":{"start":{"line":41,"column":1},"end":{"line":52,"column":3}},"22":{"start":{"line":42,"column":2},"end":{"line":42,"column":21}},"23":{"start":{"line":44,"column":2},"end":{"line":50,"column":3}},"24":{"start":{"line":45,"column":3},"end":{"line":45,"column":95}},"25":{"start":{"line":49,"column":3},"end":{"line":49,"column":108}},"26":{"start":{"line":51,"column":2},"end":{"line":51,"column":14}},"27":{"start":{"line":54,"column":1},"end":{"line":104,"column":3}},"28":{"start":{"line":55,"column":2},"end":{"line":55,"column":21}},"29":{"start":{"line":57,"column":17},"end":{"line":57,"column":86}},"30":{"start":{"line":58,"column":2},"end":{"line":60,"column":5}},"31":{"start":{"line":59,"column":3},"end":{"line":59,"column":16}},"32":{"start":{"line":61,"column":12},"end":{"line":61,"column":23}},"33":{"start":{"line":62,"column":12},"end":{"line":62,"column":23}},"34":{"start":{"line":63,"column":12},"end":{"line":63,"column":23}},"35":{"start":{"line":65,"column":14},"end":{"line":65,"column":49}},"36":{"start":{"line":67,"column":2},"end":{"line":75,"column":3}},"37":{"start":{"line":68,"column":3},"end":{"line":73,"column":5}},"38":{"start":{"line":74,"column":3},"end":{"line":74,"column":15}},"39":{"start":{"line":77,"column":2},"end":{"line":81,"column":3}},"40":{"start":{"line":78,"column":3},"end":{"line":78,"column":46}},"41":{"start":{"line":80,"column":3},"end":{"line":80,"column":42}},"42":{"start":{"line":82,"column":2},"end":{"line":82,"column":44}},"43":{"start":{"line":84,"column":2},"end":{"line":90,"column":3}},"44":{"start":{"line":85,"column":3},"end":{"line":85,"column":66}},"45":{"start":{"line":86,"column":9},"end":{"line":90,"column":3}},"46":{"start":{"line":87,"column":3},"end":{"line":87,"column":68}},"47":{"start":{"line":89,"column":3},"end":{"line":89,"column":69}},"48":{"start":{"line":91,"column":2},"end":{"line":95,"column":3}},"49":{"start":{"line":92,"column":3},"end":{"line":92,"column":36}},"50":{"start":{"line":94,"column":3},"end":{"line":94,"column":30}},"51":{"start":{"line":97,"column":2},"end":{"line":102,"column":4}},"52":{"start":{"line":103,"column":2},"end":{"line":103,"column":14}},"53":{"start":{"line":106,"column":1},"end":{"line":157,"column":3}},"54":{"start":{"line":107,"column":2},"end":{"line":107,"column":21}},"55":{"start":{"line":109,"column":14},"end":{"line":109,"column":36}},"56":{"start":{"line":110,"column":12},"end":{"line":110,"column":39}},"57":{"start":{"line":111,"column":12},"end":{"line":111,"column":32}},"58":{"start":{"line":112,"column":2},"end":{"line":121,"column":3}},"59":{"start":{"line":113,"column":20},"end":{"line":113,"column":43}},"60":{"start":{"line":114,"column":3},"end":{"line":119,"column":5}},"61":{"start":{"line":120,"column":3},"end":{"line":120,"column":15}},"62":{"start":{"line":124,"column":2},"end":{"line":128,"column":3}},"63":{"start":{"line":125,"column":3},"end":{"line":125,"column":35}},"64":{"start":{"line":127,"column":3},"end":{"line":127,"column":43}},"65":{"start":{"line":129,"column":21},"end":{"line":129,"column":44}},"66":{"start":{"line":130,"column":17},"end":{"line":145,"column":3}},"67":{"start":{"line":131,"column":3},"end":{"line":135,"column":4}},"68":{"start":{"line":132,"column":4},"end":{"line":132,"column":13}},"69":{"start":{"line":133,"column":10},"end":{"line":135,"column":4}},"70":{"start":{"line":134,"column":4},"end":{"line":134,"column":13}},"71":{"start":{"line":136,"column":3},"end":{"line":144,"column":4}},"72":{"start":{"line":137,"column":4},"end":{"line":137,"column":64}},"73":{"start":{"line":138,"column":10},"end":{"line":144,"column":4}},"74":{"start":{"line":139,"column":4},"end":{"line":139,"column":24}},"75":{"start":{"line":140,"column":10},"end":{"line":144,"column":4}},"76":{"start":{"line":141,"column":4},"end":{"line":141,"column":74}},"77":{"start":{"line":143,"column":4},"end":{"line":143,"column":23}},"78":{"start":{"line":146,"column":12},"end":{"line":146,"column":60}},"79":{"start":{"line":147,"column":14},"end":{"line":147,"column":54}},"80":{"start":{"line":148,"column":13},"end":{"line":148,"column":61}},"81":{"start":{"line":149,"column":2},"end":{"line":154,"column":4}},"82":{"start":{"line":156,"column":2},"end":{"line":156,"column":14}},"83":{"start":{"line":158,"column":1},"end":{"line":165,"column":3}},"84":{"start":{"line":159,"column":2},"end":{"line":159,"column":52}},"85":{"start":{"line":161,"column":2},"end":{"line":161,"column":52}},"86":{"start":{"line":162,"column":2},"end":{"line":162,"column":21}},"87":{"start":{"line":164,"column":2},"end":{"line":164,"column":14}},"88":{"start":{"line":166,"column":1},"end":{"line":171,"column":3}},"89":{"start":{"line":167,"column":2},"end":{"line":167,"column":21}},"90":{"start":{"line":168,"column":2},"end":{"line":168,"column":18}},"91":{"start":{"line":169,"column":2},"end":{"line":169,"column":18}},"92":{"start":{"line":170,"column":2},"end":{"line":170,"column":14}},"93":{"start":{"line":172,"column":1},"end":{"line":185,"column":3}},"94":{"start":{"line":173,"column":2},"end":{"line":184,"column":3}},"95":{"start":{"line":174,"column":3},"end":{"line":174,"column":21}},"96":{"start":{"line":175,"column":9},"end":{"line":184,"column":3}},"97":{"start":{"line":176,"column":13},"end":{"line":176,"column":91}},"98":{"start":{"line":177,"column":3},"end":{"line":177,"column":14}},"99":{"start":{"line":178,"column":9},"end":{"line":184,"column":3}},"100":{"start":{"line":179,"column":13},"end":{"line":179,"column":97}},"101":{"start":{"line":180,"column":3},"end":{"line":180,"column":14}},"102":{"start":{"line":181,"column":9},"end":{"line":184,"column":3}},"103":{"start":{"line":182,"column":13},"end":{"line":182,"column":70}},"104":{"start":{"line":183,"column":3},"end":{"line":183,"column":14}},"105":{"start":{"line":186,"column":1},"end":{"line":217,"column":3}},"106":{"start":{"line":187,"column":11},"end":{"line":187,"column":47}},"107":{"start":{"line":189,"column":2},"end":{"line":216,"column":3}},"108":{"start":{"line":190,"column":3},"end":{"line":190,"column":21}},"109":{"start":{"line":191,"column":9},"end":{"line":216,"column":3}},"110":{"start":{"line":192,"column":19},"end":{"line":192,"column":43}},"111":{"start":{"line":193,"column":21},"end":{"line":193,"column":56}},"112":{"start":{"line":194,"column":21},"end":{"line":194,"column":106}},"113":{"start":{"line":196,"column":3},"end":{"line":196,"column":22}},"114":{"start":{"line":197,"column":9},"end":{"line":216,"column":3}},"115":{"start":{"line":198,"column":3},"end":{"line":198,"column":40}},"116":{"start":{"line":199,"column":3},"end":{"line":199,"column":53}},"117":{"start":{"line":200,"column":3},"end":{"line":205,"column":5}},"118":{"start":{"line":206,"column":3},"end":{"line":206,"column":22}},"119":{"start":{"line":207,"column":9},"end":{"line":216,"column":3}},"120":{"start":{"line":208,"column":13},"end":{"line":208,"column":23}},"121":{"start":{"line":209,"column":3},"end":{"line":214,"column":5}},"122":{"start":{"line":215,"column":3},"end":{"line":215,"column":22}},"123":{"start":{"line":220,"column":0},"end":{"line":222,"column":2}}},"fnMap":{"0":{"name":"(anonymous_0)","decl":{"start":{"line":1,"column":17},"end":{"line":1,"column":18}},"loc":{"start":{"line":1,"column":28},"end":{"line":218,"column":1}},"line":1},"1":{"name":"(anonymous_1)","decl":{"start":{"line":2,"column":16},"end":{"line":2,"column":17}},"loc":{"start":{"line":2,"column":30},"end":{"line":4,"column":2}},"line":2},"2":{"name":"(anonymous_2)","decl":{"start":{"line":6,"column":13},"end":{"line":6,"column":14}},"loc":{"start":{"line":6,"column":30},"end":{"line":12,"column":2}},"line":6},"3":{"name":"(anonymous_3)","decl":{"start":{"line":13,"column":17},"end":{"line":13,"column":18}},"loc":{"start":{"line":13,"column":33},"end":{"line":40,"column":2}},"line":13},"4":{"name":"(anonymous_4)","decl":{"start":{"line":24,"column":9},"end":{"line":24,"column":10}},"loc":{"start":{"line":24,"column":26},"end":{"line":26,"column":5}},"line":24},"5":{"name":"(anonymous_5)","decl":{"start":{"line":41,"column":17},"end":{"line":41,"column":18}},"loc":{"start":{"line":41,"column":33},"end":{"line":52,"column":2}},"line":41},"6":{"name":"(anonymous_6)","decl":{"start":{"line":54,"column":17},"end":{"line":54,"column":18}},"loc":{"start":{"line":54,"column":33},"end":{"line":104,"column":2}},"line":54},"7":{"name":"(anonymous_7)","decl":{"start":{"line":58,"column":16},"end":{"line":58,"column":17}},"loc":{"start":{"line":58,"column":31},"end":{"line":60,"column":3}},"line":58},"8":{"name":"(anonymous_8)","decl":{"start":{"line":106,"column":17},"end":{"line":106,"column":18}},"loc":{"start":{"line":106,"column":33},"end":{"line":157,"column":2}},"line":106},"9":{"name":"(anonymous_9)","decl":{"start":{"line":130,"column":17},"end":{"line":130,"column":18}},"loc":{"start":{"line":130,"column":58},"end":{"line":145,"column":3}},"line":130},"10":{"name":"(anonymous_10)","decl":{"start":{"line":158,"column":17},"end":{"line":158,"column":18}},"loc":{"start":{"line":158,"column":33},"end":{"line":165,"column":2}},"line":158},"11":{"name":"(anonymous_11)","decl":{"start":{"line":166,"column":17},"end":{"line":166,"column":18}},"loc":{"start":{"line":166,"column":33},"end":{"line":171,"column":2}},"line":166},"12":{"name":"(anonymous_12)","decl":{"start":{"line":172,"column":18},"end":{"line":172,"column":19}},"loc":{"start":{"line":172,"column":29},"end":{"line":185,"column":2}},"line":172},"13":{"name":"(anonymous_13)","decl":{"start":{"line":186,"column":27},"end":{"line":186,"column":28}},"loc":{"start":{"line":186,"column":38},"end":{"line":217,"column":2}},"line":186}},"branchMap":{"0":{"loc":{"start":{"line":8,"column":2},"end":{"line":10,"column":3}},"type":"if","locations":[{"start":{"line":8,"column":2},"end":{"line":10,"column":3}},{"start":{"line":8,"column":2},"end":{"line":10,"column":3}}],"line":8},"1":{"loc":{"start":{"line":16,"column":2},"end":{"line":18,"column":3}},"type":"if","locations":[{"start":{"line":16,"column":2},"end":{"line":18,"column":3}},{"start":{"line":16,"column":2},"end":{"line":18,"column":3}}],"line":16},"2":{"loc":{"start":{"line":20,"column":2},"end":{"line":28,"column":3}},"type":"if","locations":[{"start":{"line":20,"column":2},"end":{"line":28,"column":3}},{"start":{"line":20,"column":2},"end":{"line":28,"column":3}}],"line":20},"3":{"loc":{"start":{"line":44,"column":2},"end":{"line":50,"column":3}},"type":"if","locations":[{"start":{"line":44,"column":2},"end":{"line":50,"column":3}},{"start":{"line":44,"column":2},"end":{"line":50,"column":3}}],"line":44},"4":{"loc":{"start":{"line":67,"column":2},"end":{"line":75,"column":3}},"type":"if","locations":[{"start":{"line":67,"column":2},"end":{"line":75,"column":3}},{"start":{"line":67,"column":2},"end":{"line":75,"column":3}}],"line":67},"5":{"loc":{"start":{"line":67,"column":6},"end":{"line":67,"column":32}},"type":"binary-expr","locations":[{"start":{"line":67,"column":6},"end":{"line":67,"column":17}},{"start":{"line":67,"column":21},"end":{"line":67,"column":32}}],"line":67},"6":{"loc":{"start":{"line":77,"column":2},"end":{"line":81,"column":3}},"type":"if","locations":[{"start":{"line":77,"column":2},"end":{"line":81,"column":3}},{"start":{"line":77,"column":2},"end":{"line":81,"column":3}}],"line":77},"7":{"loc":{"start":{"line":84,"column":2},"end":{"line":90,"column":3}},"type":"if","locations":[{"start":{"line":84,"column":2},"end":{"line":90,"column":3}},{"start":{"line":84,"column":2},"end":{"line":90,"column":3}}],"line":84},"8":{"loc":{"start":{"line":86,"column":9},"end":{"line":90,"column":3}},"type":"if","locations":[{"start":{"line":86,"column":9},"end":{"line":90,"column":3}},{"start":{"line":86,"column":9},"end":{"line":90,"column":3}}],"line":86},"9":{"loc":{"start":{"line":91,"column":2},"end":{"line":95,"column":3}},"type":"if","locations":[{"start":{"line":91,"column":2},"end":{"line":95,"column":3}},{"start":{"line":91,"column":2},"end":{"line":95,"column":3}}],"line":91},"10":{"loc":{"start":{"line":112,"column":2},"end":{"line":121,"column":3}},"type":"if","locations":[{"start":{"line":112,"column":2},"end":{"line":121,"column":3}},{"start":{"line":112,"column":2},"end":{"line":121,"column":3}}],"line":112},"11":{"loc":{"start":{"line":124,"column":2},"end":{"line":128,"column":3}},"type":"if","locations":[{"start":{"line":124,"column":2},"end":{"line":128,"column":3}},{"start":{"line":124,"column":2},"end":{"line":128,"column":3}}],"line":124},"12":{"loc":{"start":{"line":131,"column":3},"end":{"line":135,"column":4}},"type":"if","locations":[{"start":{"line":131,"column":3},"end":{"line":135,"column":4}},{"start":{"line":131,"column":3},"end":{"line":135,"column":4}}],"line":131},"13":{"loc":{"start":{"line":133,"column":10},"end":{"line":135,"column":4}},"type":"if","locations":[{"start":{"line":133,"column":10},"end":{"line":135,"column":4}},{"start":{"line":133,"column":10},"end":{"line":135,"column":4}}],"line":133},"14":{"loc":{"start":{"line":136,"column":3},"end":{"line":144,"column":4}},"type":"if","locations":[{"start":{"line":136,"column":3},"end":{"line":144,"column":4}},{"start":{"line":136,"column":3},"end":{"line":144,"column":4}}],"line":136},"15":{"loc":{"start":{"line":138,"column":10},"end":{"line":144,"column":4}},"type":"if","locations":[{"start":{"line":138,"column":10},"end":{"line":144,"column":4}},{"start":{"line":138,"column":10},"end":{"line":144,"column":4}}],"line":138},"16":{"loc":{"start":{"line":140,"column":10},"end":{"line":144,"column":4}},"type":"if","locations":[{"start":{"line":140,"column":10},"end":{"line":144,"column":4}},{"start":{"line":140,"column":10},"end":{"line":144,"column":4}}],"line":140},"17":{"loc":{"start":{"line":173,"column":2},"end":{"line":184,"column":3}},"type":"if","locations":[{"start":{"line":173,"column":2},"end":{"line":184,"column":3}},{"start":{"line":173,"column":2},"end":{"line":184,"column":3}}],"line":173},"18":{"loc":{"start":{"line":175,"column":9},"end":{"line":184,"column":3}},"type":"if","locations":[{"start":{"line":175,"column":9},"end":{"line":184,"column":3}},{"start":{"line":175,"column":9},"end":{"line":184,"column":3}}],"line":175},"19":{"loc":{"start":{"line":178,"column":9},"end":{"line":184,"column":3}},"type":"if","locations":[{"start":{"line":178,"column":9},"end":{"line":184,"column":3}},{"start":{"line":178,"column":9},"end":{"line":184,"column":3}}],"line":178},"20":{"loc":{"start":{"line":181,"column":9},"end":{"line":184,"column":3}},"type":"if","locations":[{"start":{"line":181,"column":9},"end":{"line":184,"column":3}},{"start":{"line":181,"column":9},"end":{"line":184,"column":3}}],"line":181},"21":{"loc":{"start":{"line":189,"column":2},"end":{"line":216,"column":3}},"type":"if","locations":[{"start":{"line":189,"column":2},"end":{"line":216,"column":3}},{"start":{"line":189,"column":2},"end":{"line":216,"column":3}}],"line":189},"22":{"loc":{"start":{"line":191,"column":9},"end":{"line":216,"column":3}},"type":"if","locations":[{"start":{"line":191,"column":9},"end":{"line":216,"column":3}},{"start":{"line":191,"column":9},"end":{"line":216,"column":3}}],"line":191},"23":{"loc":{"start":{"line":197,"column":9},"end":{"line":216,"column":3}},"type":"if","locations":[{"start":{"line":197,"column":9},"end":{"line":216,"column":3}},{"start":{"line":197,"column":9},"end":{"line":216,"column":3}}],"line":197},"24":{"loc":{"start":{"line":207,"column":9},"end":{"line":216,"column":3}},"type":"if","locations":[{"start":{"line":207,"column":9},"end":{"line":216,"column":3}},{"start":{"line":207,"column":9},"end":{"line":216,"column":3}}],"line":207}},"s":{"0":1,"1":1,"2":15,"3":1,"4":3,"5":3,"6":1,"7":3,"8":1,"9":5,"10":5,"11":0,"12":5,"13":5,"14":2,"15":6,"16":5,"17":5,"18":5,"19":5,"20":5,"21":1,"22":1,"23":1,"24":1,"25":0,"26":1,"27":1,"28":4,"29":4,"30":4,"31":10,"32":4,"33":4,"34":4,"35":4,"36":4,"37":1,"38":1,"39":3,"40":0,"41":3,"42":3,"43":3,"44":1,"45":2,"46":1,"47":1,"48":3,"49":1,"50":2,"51":3,"52":3,"53":1,"54":2,"55":2,"56":2,"57":2,"58":2,"59":1,"60":1,"61":1,"62":1,"63":0,"64":1,"65":1,"66":1,"67":3,"68":1,"69":2,"70":0,"71":3,"72":1,"73":2,"74":1,"75":1,"76":0,"77":1,"78":1,"79":1,"80":1,"81":1,"82":1,"83":1,"84":4,"85":4,"86":4,"87":4,"88":1,"89":0,"90":0,"91":0,"92":0,"93":1,"94":1,"95":1,"96":0,"97":0,"98":0,"99":0,"100":0,"101":0,"102":0,"103":0,"104":0,"105":1,"106":15,"107":15,"108":15,"109":0,"110":0,"111":0,"112":0,"113":0,"114":0,"115":0,"116":0,"117":0,"118":0,"119":0,"120":0,"121":0,"122":0,"123":1},"f":{"0":1,"1":15,"2":3,"3":5,"4":6,"5":1,"6":4,"7":10,"8":2,"9":3,"10":4,"11":0,"12":1,"13":15},"b":{"0":[1,2],"1":[0,5],"2":[2,3],"3":[1,0],"4":[1,3],"5":[4,1],"6":[0,3],"7":[1,2],"8":[1,1],"9":[1,2],"10":[1,1],"11":[0,1],"12":[1,2],"13":[0,2],"14":[1,2],"15":[1,1],"16":[0,1],"17":[1,0],"18":[0,0],"19":[0,0],"20":[0,0],"21":[15,0],"22":[0,0],"23":[0,0],"24":[0,0]},"_coverageSchema":"43e27e138ebf9cfc5966b082cf9a028302ed4184","hash":"17bf4cb61aab5c84169fe06fa75f0f938bf75e98"}
}
