{"C:\\projects\\rougeFramework\\App\\Ui\\colorHelper.js": {"path":"C:\\projects\\rougeFramework\\App\\Ui\\colorHelper.js","statementMap":{"0":{"start":{"line":2,"column":2},"end":{"line":2,"column":27}},"1":{"start":{"line":6,"column":12},"end":{"line":6,"column":31}},"2":{"start":{"line":7,"column":2},"end":{"line":9,"column":3}},"3":{"start":{"line":8,"column":4},"end":{"line":8,"column":20}},"4":{"start":{"line":10,"column":2},"end":{"line":10,"column":27}},"5":{"start":{"line":12,"column":15},"end":{"line":31,"column":1}},"6":{"start":{"line":13,"column":2},"end":{"line":15,"column":3}},"7":{"start":{"line":14,"column":4},"end":{"line":14,"column":15}},"8":{"start":{"line":16,"column":2},"end":{"line":16,"column":29}},"9":{"start":{"line":17,"column":2},"end":{"line":21,"column":3}},"10":{"start":{"line":18,"column":4},"end":{"line":20,"column":16}},"11":{"start":{"line":19,"column":6},"end":{"line":19,"column":34}},"12":{"start":{"line":23,"column":12},"end":{"line":23,"column":41}},"13":{"start":{"line":24,"column":14},"end":{"line":24,"column":43}},"14":{"start":{"line":25,"column":13},"end":{"line":25,"column":42}},"15":{"start":{"line":26,"column":2},"end":{"line":30,"column":4}},"16":{"start":{"line":32,"column":15},"end":{"line":34,"column":1}},"17":{"start":{"line":33,"column":2},"end":{"line":33,"column":67}},"18":{"start":{"line":37,"column":15},"end":{"line":83,"column":1}},"19":{"start":{"line":38,"column":12},"end":{"line":38,"column":27}},"20":{"start":{"line":39,"column":17},"end":{"line":39,"column":65}},"21":{"start":{"line":40,"column":2},"end":{"line":42,"column":4}},"22":{"start":{"line":41,"column":4},"end":{"line":41,"column":16}},"23":{"start":{"line":43,"column":12},"end":{"line":43,"column":23}},"24":{"start":{"line":44,"column":12},"end":{"line":44,"column":23}},"25":{"start":{"line":45,"column":12},"end":{"line":45,"column":23}},"26":{"start":{"line":47,"column":14},"end":{"line":47,"column":47}},"27":{"start":{"line":49,"column":2},"end":{"line":55,"column":3}},"28":{"start":{"line":50,"column":4},"end":{"line":54,"column":6}},"29":{"start":{"line":57,"column":2},"end":{"line":61,"column":3}},"30":{"start":{"line":58,"column":4},"end":{"line":58,"column":47}},"31":{"start":{"line":60,"column":4},"end":{"line":60,"column":43}},"32":{"start":{"line":62,"column":2},"end":{"line":62,"column":44}},"33":{"start":{"line":64,"column":2},"end":{"line":70,"column":3}},"34":{"start":{"line":65,"column":4},"end":{"line":65,"column":53}},"35":{"start":{"line":66,"column":9},"end":{"line":70,"column":3}},"36":{"start":{"line":67,"column":4},"end":{"line":67,"column":55}},"37":{"start":{"line":69,"column":4},"end":{"line":69,"column":56}},"38":{"start":{"line":71,"column":2},"end":{"line":75,"column":3}},"39":{"start":{"line":72,"column":4},"end":{"line":72,"column":37}},"40":{"start":{"line":74,"column":4},"end":{"line":74,"column":31}},"41":{"start":{"line":77,"column":2},"end":{"line":81,"column":4}},"42":{"start":{"line":85,"column":15},"end":{"line":131,"column":1}},"43":{"start":{"line":86,"column":12},"end":{"line":86,"column":30}},"44":{"start":{"line":88,"column":14},"end":{"line":88,"column":29}},"45":{"start":{"line":89,"column":12},"end":{"line":89,"column":32}},"46":{"start":{"line":90,"column":12},"end":{"line":90,"column":25}},"47":{"start":{"line":91,"column":2},"end":{"line":98,"column":3}},"48":{"start":{"line":92,"column":21},"end":{"line":92,"column":44}},"49":{"start":{"line":93,"column":4},"end":{"line":97,"column":5}},"50":{"start":{"line":100,"column":2},"end":{"line":104,"column":3}},"51":{"start":{"line":101,"column":4},"end":{"line":101,"column":36}},"52":{"start":{"line":103,"column":4},"end":{"line":103,"column":44}},"53":{"start":{"line":105,"column":21},"end":{"line":105,"column":44}},"54":{"start":{"line":106,"column":17},"end":{"line":122,"column":3}},"55":{"start":{"line":107,"column":4},"end":{"line":111,"column":5}},"56":{"start":{"line":108,"column":6},"end":{"line":108,"column":15}},"57":{"start":{"line":109,"column":11},"end":{"line":111,"column":5}},"58":{"start":{"line":110,"column":6},"end":{"line":110,"column":15}},"59":{"start":{"line":112,"column":4},"end":{"line":120,"column":5}},"60":{"start":{"line":113,"column":6},"end":{"line":113,"column":66}},"61":{"start":{"line":114,"column":11},"end":{"line":120,"column":5}},"62":{"start":{"line":115,"column":6},"end":{"line":115,"column":26}},"63":{"start":{"line":116,"column":11},"end":{"line":120,"column":5}},"64":{"start":{"line":117,"column":6},"end":{"line":117,"column":76}},"65":{"start":{"line":119,"column":6},"end":{"line":119,"column":25}},"66":{"start":{"line":123,"column":12},"end":{"line":123,"column":60}},"67":{"start":{"line":124,"column":14},"end":{"line":124,"column":54}},"68":{"start":{"line":125,"column":13},"end":{"line":125,"column":61}},"69":{"start":{"line":126,"column":2},"end":{"line":130,"column":3}},"70":{"start":{"line":132,"column":0},"end":{"line":137,"column":1}}},"fnMap":{"0":{"name":"parseHex","decl":{"start":{"line":1,"column":9},"end":{"line":1,"column":17}},"loc":{"start":{"line":1,"column":23},"end":{"line":3,"column":1}},"line":1},"1":{"name":"toHex","decl":{"start":{"line":5,"column":9},"end":{"line":5,"column":14}},"loc":{"start":{"line":5,"column":23},"end":{"line":11,"column":1}},"line":5},"2":{"name":"(anonymous_2)","decl":{"start":{"line":12,"column":15},"end":{"line":12,"column":16}},"loc":{"start":{"line":12,"column":30},"end":{"line":31,"column":1}},"line":12},"3":{"name":"(anonymous_3)","decl":{"start":{"line":18,"column":28},"end":{"line":18,"column":29}},"loc":{"start":{"line":18,"column":46},"end":{"line":20,"column":5}},"line":18},"4":{"name":"(anonymous_4)","decl":{"start":{"line":32,"column":15},"end":{"line":32,"column":16}},"loc":{"start":{"line":32,"column":30},"end":{"line":34,"column":1}},"line":32},"5":{"name":"(anonymous_5)","decl":{"start":{"line":37,"column":15},"end":{"line":37,"column":16}},"loc":{"start":{"line":37,"column":32},"end":{"line":83,"column":1}},"line":37},"6":{"name":"(anonymous_6)","decl":{"start":{"line":40,"column":16},"end":{"line":40,"column":17}},"loc":{"start":{"line":40,"column":32},"end":{"line":42,"column":3}},"line":40},"7":{"name":"(anonymous_7)","decl":{"start":{"line":85,"column":15},"end":{"line":85,"column":16}},"loc":{"start":{"line":85,"column":45},"end":{"line":131,"column":1}},"line":85},"8":{"name":"(anonymous_8)","decl":{"start":{"line":106,"column":17},"end":{"line":106,"column":18}},"loc":{"start":{"line":106,"column":59},"end":{"line":122,"column":3}},"line":106}},"branchMap":{"0":{"loc":{"start":{"line":7,"column":2},"end":{"line":9,"column":3}},"type":"if","locations":[{"start":{"line":7,"column":2},"end":{"line":9,"column":3}},{"start":{"line":7,"column":2},"end":{"line":9,"column":3}}],"line":7},"1":{"loc":{"start":{"line":13,"column":2},"end":{"line":15,"column":3}},"type":"if","locations":[{"start":{"line":13,"column":2},"end":{"line":15,"column":3}},{"start":{"line":13,"column":2},"end":{"line":15,"column":3}}],"line":13},"2":{"loc":{"start":{"line":17,"column":2},"end":{"line":21,"column":3}},"type":"if","locations":[{"start":{"line":17,"column":2},"end":{"line":21,"column":3}},{"start":{"line":17,"column":2},"end":{"line":21,"column":3}}],"line":17},"3":{"loc":{"start":{"line":49,"column":2},"end":{"line":55,"column":3}},"type":"if","locations":[{"start":{"line":49,"column":2},"end":{"line":55,"column":3}},{"start":{"line":49,"column":2},"end":{"line":55,"column":3}}],"line":49},"4":{"loc":{"start":{"line":49,"column":6},"end":{"line":49,"column":32}},"type":"binary-expr","locations":[{"start":{"line":49,"column":6},"end":{"line":49,"column":17}},{"start":{"line":49,"column":21},"end":{"line":49,"column":32}}],"line":49},"5":{"loc":{"start":{"line":57,"column":2},"end":{"line":61,"column":3}},"type":"if","locations":[{"start":{"line":57,"column":2},"end":{"line":61,"column":3}},{"start":{"line":57,"column":2},"end":{"line":61,"column":3}}],"line":57},"6":{"loc":{"start":{"line":64,"column":2},"end":{"line":70,"column":3}},"type":"if","locations":[{"start":{"line":64,"column":2},"end":{"line":70,"column":3}},{"start":{"line":64,"column":2},"end":{"line":70,"column":3}}],"line":64},"7":{"loc":{"start":{"line":66,"column":9},"end":{"line":70,"column":3}},"type":"if","locations":[{"start":{"line":66,"column":9},"end":{"line":70,"column":3}},{"start":{"line":66,"column":9},"end":{"line":70,"column":3}}],"line":66},"8":{"loc":{"start":{"line":71,"column":2},"end":{"line":75,"column":3}},"type":"if","locations":[{"start":{"line":71,"column":2},"end":{"line":75,"column":3}},{"start":{"line":71,"column":2},"end":{"line":75,"column":3}}],"line":71},"9":{"loc":{"start":{"line":91,"column":2},"end":{"line":98,"column":3}},"type":"if","locations":[{"start":{"line":91,"column":2},"end":{"line":98,"column":3}},{"start":{"line":91,"column":2},"end":{"line":98,"column":3}}],"line":91},"10":{"loc":{"start":{"line":100,"column":2},"end":{"line":104,"column":3}},"type":"if","locations":[{"start":{"line":100,"column":2},"end":{"line":104,"column":3}},{"start":{"line":100,"column":2},"end":{"line":104,"column":3}}],"line":100},"11":{"loc":{"start":{"line":107,"column":4},"end":{"line":111,"column":5}},"type":"if","locations":[{"start":{"line":107,"column":4},"end":{"line":111,"column":5}},{"start":{"line":107,"column":4},"end":{"line":111,"column":5}}],"line":107},"12":{"loc":{"start":{"line":109,"column":11},"end":{"line":111,"column":5}},"type":"if","locations":[{"start":{"line":109,"column":11},"end":{"line":111,"column":5}},{"start":{"line":109,"column":11},"end":{"line":111,"column":5}}],"line":109},"13":{"loc":{"start":{"line":112,"column":4},"end":{"line":120,"column":5}},"type":"if","locations":[{"start":{"line":112,"column":4},"end":{"line":120,"column":5}},{"start":{"line":112,"column":4},"end":{"line":120,"column":5}}],"line":112},"14":{"loc":{"start":{"line":114,"column":11},"end":{"line":120,"column":5}},"type":"if","locations":[{"start":{"line":114,"column":11},"end":{"line":120,"column":5}},{"start":{"line":114,"column":11},"end":{"line":120,"column":5}}],"line":114},"15":{"loc":{"start":{"line":116,"column":11},"end":{"line":120,"column":5}},"type":"if","locations":[{"start":{"line":116,"column":11},"end":{"line":120,"column":5}},{"start":{"line":116,"column":11},"end":{"line":120,"column":5}}],"line":116}},"s":{"0":21,"1":3,"2":3,"3":1,"4":3,"5":1,"6":7,"7":0,"8":7,"9":7,"10":2,"11":6,"12":7,"13":7,"14":7,"15":7,"16":1,"17":1,"18":1,"19":4,"20":4,"21":4,"22":10,"23":4,"24":4,"25":4,"26":4,"27":4,"28":1,"29":3,"30":0,"31":3,"32":3,"33":3,"34":1,"35":2,"36":1,"37":1,"38":3,"39":1,"40":2,"41":3,"42":1,"43":3,"44":3,"45":3,"46":3,"47":3,"48":1,"49":1,"50":2,"51":1,"52":1,"53":2,"54":2,"55":6,"56":1,"57":5,"58":0,"59":6,"60":2,"61":4,"62":2,"63":2,"64":0,"65":2,"66":2,"67":2,"68":2,"69":2,"70":1},"f":{"0":21,"1":3,"2":7,"3":6,"4":1,"5":4,"6":10,"7":3,"8":6},"b":{"0":[1,2],"1":[0,7],"2":[2,5],"3":[1,3],"4":[4,1],"5":[0,3],"6":[1,2],"7":[1,1],"8":[1,2],"9":[1,2],"10":[1,1],"11":[1,5],"12":[0,5],"13":[2,4],"14":[2,2],"15":[0,2]},"_coverageSchema":"43e27e138ebf9cfc5966b082cf9a028302ed4184","hash":"3f6f7ea6153647ad277ff1329af7770b874c65cd"}
}
