TN:
SF:C:\projects\rougeFramework\App\Ui\colorHelper.js
FN:4,(anonymous_0)
FN:13,(anonymous_1)
FN:20,(anonymous_2)
FN:30,(anonymous_3)
FN:41,(anonymous_4)
FN:57,(anonymous_5)
FN:69,(anonymous_6)
FN:73,(anonymous_7)
FN:119,(anonymous_8)
FN:141,(anonymous_9)
FN:171,(anonymous_10)
FN:181,(anonymous_11)
FN:190,(anonymous_12)
FN:212,(anonymous_13)
FNF:14
FNH:14
FNDA:1,(anonymous_0)
FNDA:15,(anonymous_1)
FNDA:9,(anonymous_2)
FNDA:6,(anonymous_3)
FNDA:6,(anonymous_4)
FNDA:4,(anonymous_5)
FNDA:5,(anonymous_6)
FNDA:12,(anonymous_7)
FNDA:3,(anonymous_8)
FNDA:6,(anonymous_9)
FNDA:4,(anonymous_10)
FNDA:1,(anonymous_11)
FNDA:5,(anonymous_12)
FNDA:22,(anonymous_13)
DA:4,1
DA:8,1
DA:13,1
DA:14,15
DA:20,1
DA:21,9
DA:22,9
DA:23,2
DA:25,9
DA:30,1
DA:31,6
DA:33,6
DA:34,1
DA:36,5
DA:37,5
DA:39,2
DA:42,6
DA:47,5
DA:48,5
DA:49,5
DA:50,5
DA:55,5
DA:57,1
DA:58,4
DA:60,4
DA:61,3
DA:64,1
DA:66,3
DA:69,1
DA:70,5
DA:72,5
DA:73,5
DA:74,12
DA:76,5
DA:77,5
DA:78,5
DA:80,5
DA:82,5
DA:83,1
DA:88,1
DA:91,4
DA:92,1
DA:94,3
DA:96,4
DA:98,4
DA:99,1
DA:100,3
DA:101,1
DA:103,2
DA:105,4
DA:106,1
DA:108,3
DA:111,4
DA:116,4
DA:119,1
DA:120,3
DA:121,3
DA:122,3
DA:123,3
DA:124,3
DA:125,1
DA:126,1
DA:131,1
DA:135,2
DA:136,0
DA:138,2
DA:140,2
DA:141,2
DA:142,6
DA:143,2
DA:144,4
DA:145,0
DA:147,6
DA:148,2
DA:149,4
DA:150,2
DA:151,2
DA:152,0
DA:154,2
DA:157,2
DA:158,2
DA:159,2
DA:160,2
DA:166,2
DA:171,1
DA:172,4
DA:173,4
DA:174,4
DA:176,4
DA:181,1
DA:182,1
DA:183,1
DA:184,1
DA:185,1
DA:190,1
DA:191,5
DA:192,4
DA:195,5
DA:196,2
DA:197,3
DA:198,1
DA:199,1
DA:200,2
DA:201,1
DA:202,1
DA:203,1
DA:204,1
DA:205,1
DA:207,0
DA:212,1
DA:213,22
DA:214,1
DA:216,22
DA:218,22
DA:219,19
DA:220,3
DA:221,0
DA:222,0
DA:224,0
DA:225,3
DA:226,1
DA:230,1
DA:235,1
DA:236,2
DA:237,2
DA:238,2
DA:243,2
DA:248,1
LF:128
LH:121
BRDA:22,0,0,2
BRDA:22,0,1,7
BRDA:33,1,0,1
BRDA:33,1,1,5
BRDA:37,2,0,2
BRDA:37,2,1,3
BRDA:60,3,0,3
BRDA:60,3,1,1
BRDA:82,4,0,1
BRDA:82,4,1,4
BRDA:82,5,0,5
BRDA:82,5,1,1
BRDA:91,6,0,1
BRDA:91,6,1,3
BRDA:98,7,0,1
BRDA:98,7,1,3
BRDA:100,8,0,1
BRDA:100,8,1,2
BRDA:105,9,0,1
BRDA:105,9,1,3
BRDA:124,10,0,1
BRDA:124,10,1,2
BRDA:135,11,0,0
BRDA:135,11,1,2
BRDA:142,12,0,2
BRDA:142,12,1,4
BRDA:144,13,0,0
BRDA:144,13,1,4
BRDA:147,14,0,2
BRDA:147,14,1,4
BRDA:149,15,0,2
BRDA:149,15,1,2
BRDA:151,16,0,0
BRDA:151,16,1,2
BRDA:191,17,0,4
BRDA:191,17,1,1
BRDA:195,18,0,2
BRDA:195,18,1,3
BRDA:197,19,0,1
BRDA:197,19,1,2
BRDA:200,20,0,1
BRDA:200,20,1,1
BRDA:203,21,0,1
BRDA:203,21,1,0
BRDA:213,22,0,1
BRDA:213,22,1,21
BRDA:218,23,0,19
BRDA:218,23,1,3
BRDA:220,24,0,0
BRDA:220,24,1,3
BRDA:225,25,0,1
BRDA:225,25,1,2
BRDA:236,26,0,2
BRDA:236,26,1,0
BRF:54
BRH:48
end_of_record
