TN:
SF:C:\projects\rougeFramework\App\Ui\colorHelper.js
FN:1,(anonymous_0)
FN:2,(anonymous_1)
FN:6,(anonymous_2)
FN:13,(anonymous_3)
FN:24,(anonymous_4)
FN:41,(anonymous_5)
FN:54,(anonymous_6)
FN:58,(anonymous_7)
FN:106,(anonymous_8)
FN:130,(anonymous_9)
FN:158,(anonymous_10)
FN:166,(anonymous_11)
FN:172,(anonymous_12)
FN:186,(anonymous_13)
FNF:14
FNH:13
FNDA:1,(anonymous_0)
FNDA:15,(anonymous_1)
FNDA:3,(anonymous_2)
FNDA:5,(anonymous_3)
FNDA:6,(anonymous_4)
FNDA:1,(anonymous_5)
FNDA:4,(anonymous_6)
FNDA:10,(anonymous_7)
FNDA:2,(anonymous_8)
FNDA:3,(anonymous_9)
FNDA:4,(anonymous_10)
FNDA:0,(anonymous_11)
FNDA:1,(anonymous_12)
FNDA:15,(anonymous_13)
DA:1,1
DA:2,1
DA:3,15
DA:6,1
DA:7,3
DA:8,3
DA:9,1
DA:11,3
DA:13,1
DA:14,5
DA:16,5
DA:17,0
DA:19,5
DA:20,5
DA:22,2
DA:25,6
DA:30,5
DA:31,5
DA:32,5
DA:33,5
DA:39,5
DA:41,1
DA:42,1
DA:44,1
DA:45,1
DA:49,0
DA:51,1
DA:54,1
DA:55,4
DA:57,4
DA:58,4
DA:59,10
DA:61,4
DA:62,4
DA:63,4
DA:65,4
DA:67,4
DA:68,1
DA:74,1
DA:77,3
DA:78,0
DA:80,3
DA:82,3
DA:84,3
DA:85,1
DA:86,2
DA:87,1
DA:89,1
DA:91,3
DA:92,1
DA:94,2
DA:97,3
DA:103,3
DA:106,1
DA:107,2
DA:109,2
DA:110,2
DA:111,2
DA:112,2
DA:113,1
DA:114,1
DA:120,1
DA:124,1
DA:125,0
DA:127,1
DA:129,1
DA:130,1
DA:131,3
DA:132,1
DA:133,2
DA:134,0
DA:136,3
DA:137,1
DA:138,2
DA:139,1
DA:140,1
DA:141,0
DA:143,1
DA:146,1
DA:147,1
DA:148,1
DA:149,1
DA:156,1
DA:158,1
DA:159,4
DA:161,4
DA:162,4
DA:164,4
DA:166,1
DA:167,0
DA:168,0
DA:169,0
DA:170,0
DA:172,1
DA:173,1
DA:174,1
DA:175,0
DA:176,0
DA:177,0
DA:178,0
DA:179,0
DA:180,0
DA:181,0
DA:182,0
DA:183,0
DA:186,1
DA:187,15
DA:189,15
DA:190,15
DA:191,0
DA:192,0
DA:193,0
DA:194,0
DA:196,0
DA:197,0
DA:198,0
DA:199,0
DA:200,0
DA:206,0
DA:207,0
DA:208,0
DA:209,0
DA:215,0
DA:220,1
LF:124
LH:91
BRDA:8,0,0,1
BRDA:8,0,1,2
BRDA:16,1,0,0
BRDA:16,1,1,5
BRDA:20,2,0,2
BRDA:20,2,1,3
BRDA:44,3,0,1
BRDA:44,3,1,0
BRDA:67,4,0,1
BRDA:67,4,1,3
BRDA:67,5,0,4
BRDA:67,5,1,1
BRDA:77,6,0,0
BRDA:77,6,1,3
BRDA:84,7,0,1
BRDA:84,7,1,2
BRDA:86,8,0,1
BRDA:86,8,1,1
BRDA:91,9,0,1
BRDA:91,9,1,2
BRDA:112,10,0,1
BRDA:112,10,1,1
BRDA:124,11,0,0
BRDA:124,11,1,1
BRDA:131,12,0,1
BRDA:131,12,1,2
BRDA:133,13,0,0
BRDA:133,13,1,2
BRDA:136,14,0,1
BRDA:136,14,1,2
BRDA:138,15,0,1
BRDA:138,15,1,1
BRDA:140,16,0,0
BRDA:140,16,1,1
BRDA:173,17,0,1
BRDA:173,17,1,0
BRDA:175,18,0,0
BRDA:175,18,1,0
BRDA:178,19,0,0
BRDA:178,19,1,0
BRDA:181,20,0,0
BRDA:181,20,1,0
BRDA:189,21,0,15
BRDA:189,21,1,0
BRDA:191,22,0,0
BRDA:191,22,1,0
BRDA:197,23,0,0
BRDA:197,23,1,0
BRDA:207,24,0,0
BRDA:207,24,1,0
BRF:50
BRH:30
end_of_record
